{
  "RSpec": {
    "coverage": {
      "/Users/florencehapgood/Desktop/Projects/Bookmark-Managers/spec/booksmarks_spec.rb": [
        1,
        null,
        1,
        1,
        1,
        1,
        1,
        1,
        1,
        null,
        null,
        null,
        1,
        1,
        1,
        1,
        null,
        null,
        1,
        1,
        null,
        null,
        null,
        null
      ],
      "/Users/florencehapgood/Desktop/Projects/Bookmark-Managers/spec/features/add_bookmark_spec.rb": [
        1,
        1,
        1,
        1,
        1,
        1,
        1,
        null,
        null,
        1,
        1,
        1,
        1,
        1,
        1,
        1,
        null,
        null,
        null,
        null
      ],
      "/Users/florencehapgood/Desktop/Projects/Bookmark-Managers/spec/features/booksmarks_view_spec.rb": [
        1,
        1,
        null,
        1,
        1,
        1,
        1,
        1,
        null,
        null,
        null,
        null,
        null,
        null,
        null,
        null
      ]
    },
    "timestamp": 1537976294
  }
}
