{
  "RSpec": {
    "coverage": {
      "/Users/Cameron/Projects/DiodeProjects/weekly-challenges/pairing/bookmark_challenge/florence_bookmark/Bookmark-Managers/spec/features/add_bookmark_spec.rb": [
        1,
        1,
        1,
        1,
        1,
        1,
        1,
        1,
        null,
        null,
        1,
        1,
        1,
        1,
        1,
        1,
        1,
        1,
        null,
        null
      ],
      "/Users/Cameron/Projects/DiodeProjects/weekly-challenges/pairing/bookmark_challenge/florence_bookmark/Bookmark-Managers/spec/features/booksmarks_view_spec.rb": [
        1,
        1,
        null,
        1,
        1,
        1,
        1,
        1,
        null,
        null,
        null,
        null,
        null,
        null,
        null,
        null
      ],
      "/Users/Cameron/Projects/DiodeProjects/weekly-challenges/pairing/bookmark_challenge/florence_bookmark/Bookmark-Managers/spec/features/deleting_a_bookmark_spec.rb": [
        1,
        1,
        1,
        1,
        1,
        1,
        1,
        null,
        null
      ],
      "/Users/Cameron/Projects/DiodeProjects/weekly-challenges/pairing/bookmark_challenge/florence_bookmark/Bookmark-Managers/spec/features/update_bookmark_spec.rb": [
        1,
        1,
        1,
        1,
        1,
        1,
        1,
        1,
        1,
        1,
        null,
        null
      ],
      "/Users/Cameron/Projects/DiodeProjects/weekly-challenges/pairing/bookmark_challenge/florence_bookmark/Bookmark-Managers/spec/units/bookmark_spec.rb": [
        1,
        null,
        1,
        1,
        1,
        1,
        1,
        1,
        1,
        null,
        null,
        null,
        1,
        1,
        1,
        1,
        null,
        null,
        1,
        1,
        null,
        null,
        null,
        null,
        1,
        1,
        1,
        1,
        1,
        null,
        null,
        null,
        null
      ]
    },
    "timestamp": 1538065327
  }
}
